<?xml version="1.0" encoding="UTF-8"?>
<!-- Generated by org.testng.reporters.JUnitReportReporter -->
<testsuite skipped="0" hostname="DESKTOP-S1DQQ82" name="MobileLogin" tests="1" failures="0" timestamp="31 May 2018 10:27:30 GMT" time="0.015" errors="0">
  <testcase name="testWebViews" time="0.015" classname="MobileLogin"/>
</testsuite> <!-- MobileLogin -->
