<?xml version="1.0" encoding="UTF-8"?>
<!-- Generated by org.testng.reporters.JUnitReportReporter -->
<testsuite skipped="0" hostname="DESKTOP-S1DQQ82" name="Login" tests="1" failures="0" timestamp="31 May 2018 06:53:16 GMT" time="0.016" errors="0">
  <testcase name="testWebViews" time="0.016" classname="Login"/>
</testsuite> <!-- Login -->
